{
  "stats": {
    "suites": 1,
    "tests": 1,
    "passes": 1,
    "pending": 0,
    "failures": 0,
    "start": "2026-04-27T05:04:16.519Z",
    "end": "2026-04-27T05:04:22.224Z",
    "duration": 5705,
    "testsRegistered": 1,
    "passPercent": 100,
    "pendingPercent": 0,
    "other": 0,
    "hasOther": false,
    "skipped": 0,
    "hasSkipped": false
  },
  "results": [
    {
      "uuid": "334cd99a-80a3-47aa-b768-d9c54590abcb",
      "title": "",
      "fullFile": "D:\\Digitalskola\\Sesi 9 -Web UI Automation Fundamental\\Class\\tests\\test5-sauce.js",
      "file": "\\tests\\test5-sauce.js",
      "beforeHooks": [],
      "afterHooks": [],
      "tests": [],
      "suites": [
        {
          "uuid": "c6c412c9-5d5e-45f1-bd08-76b8679a8409",
          "title": "Google Search Tests",
          "fullFile": "D:\\Digitalskola\\Sesi 9 -Web UI Automation Fundamental\\Class\\tests\\test5-sauce.js",
          "file": "\\tests\\test5-sauce.js",
          "beforeHooks": [],
          "afterHooks": [],
          "tests": [
            {
              "title": "Visit SaucDemo dan cek page tittle",
              "fullTitle": "Google Search Tests Visit SaucDemo dan cek page tittle",
              "timedOut": false,
              "duration": 5681,
              "state": "passed",
              "speed": "slow",
              "pass": true,
              "fail": false,
              "pending": false,
              "context": null,
              "code": "options = new chrome.Options();\noptions.addArguments('--incognito'); // option ke chrome supaya gaada popup password nya\ndriver = await new Builder()\n    .forBrowser('chrome')\n    .setChromeOptions(options)\n    .build();\n// driver = await new Builder().forBrowser('chrome').build();\nawait driver.get('https://www.saucedemo.com');\nconst title = await driver.getTitle();\n// assert: memastikan object sama persis\nassert.strictEqual(title, 'Swag Labs');\n// inputs\nlet inputUsername = await driver.findElement(By.css('[data-test=\"username\"]'))\nlet inputPassword = await driver.findElement(By.xpath('//*[@data-test=\"password\"]'))\nlet buttonLogin = await driver.findElement(By.className('submit-button btn_action'))\nawait inputUsername.sendKeys('standard_user')\nawait inputPassword.sendKeys('secret_sauce')\nawait buttonLogin.click()\n// -------------------------------\n// tunggu element tampil\nlet buttonCart = await driver.wait(\n    until.elementLocated(By.xpath('//*[@data-test=\"shopping-cart-link\"]')),\n    10000\n);\nawait driver.wait(until.elementIsVisible(buttonCart), 5000, 'Shopping cart harus tampil');\n// assert: text dalam element benar\nlet textAppLogo = await driver.findElement(By.className('app_logo'))\nlet logotext = await textAppLogo.getText()\nassert.strictEqual(logotext, 'Swag Labs')\nawait driver.sleep(1700)\n// dropdown search\nlet dropdownSort = await driver.findElement(By.xpath('//select[@data-test=\"product-sort-container\"]'))\nawait dropdownSort.click()\nlet option = await driver.findElement(By.xpath('//option[text()=\"Price (low to high)\"]'));\nawait option.click();\nawait driver.quit();",
              "err": {},
              "uuid": "d09bf846-44d1-4e3e-80d5-efcd9d754592",
              "parentUUID": "c6c412c9-5d5e-45f1-bd08-76b8679a8409",
              "isHook": false,
              "skipped": false
            }
          ],
          "suites": [],
          "passes": [
            "d09bf846-44d1-4e3e-80d5-efcd9d754592"
          ],
          "failures": [],
          "pending": [],
          "skipped": [],
          "duration": 5681,
          "root": false,
          "rootEmpty": false,
          "_timeout": 50000
        }
      ],
      "passes": [],
      "failures": [],
      "pending": [],
      "skipped": [],
      "duration": 0,
      "root": true,
      "rootEmpty": true,
      "_timeout": 50000
    }
  ],
  "meta": {
    "mocha": {
      "version": "10.8.2"
    },
    "mochawesome": {
      "options": {
        "quiet": false,
        "reportFilename": "mochawesome",
        "saveHtml": true,
        "saveJson": true,
        "consoleReporter": "spec",
        "useInlineDiffs": false,
        "code": true
      },
      "version": "7.1.4"
    },
    "marge": {
      "options": null,
      "version": "6.3.2"
    }
  }
}