{
  "stats": {
    "suites": 1,
    "tests": 0,
    "passes": 0,
    "pending": 0,
    "failures": 0,
    "start": "2026-04-28T14:51:25.457Z",
    "end": "2026-04-28T14:51:26.188Z",
    "duration": 731,
    "testsRegistered": 3,
    "passPercent": 0,
    "pendingPercent": 0,
    "other": 1,
    "hasOther": true,
    "skipped": 3,
    "hasSkipped": true
  },
  "results": [
    {
      "uuid": "eb99fded-ff8d-4c43-b61b-390910921a2a",
      "title": "",
      "fullFile": "D:\\Digitalskola\\Sesi 11 -  Web UI Automation Advance Part 2\\Class\\tests\\specs\\login.test.js",
      "file": "\\tests\\specs\\login.test.js",
      "beforeHooks": [],
      "afterHooks": [],
      "tests": [],
      "suites": [
        {
          "uuid": "a44bf145-035e-478f-b276-61eff1836804",
          "title": "Login",
          "fullFile": "D:\\Digitalskola\\Sesi 11 -  Web UI Automation Advance Part 2\\Class\\tests\\specs\\login.test.js",
          "file": "\\tests\\specs\\login.test.js",
          "beforeHooks": [
            {
              "title": "\"before each\" hook for \"Login with valid credential\"",
              "fullTitle": "Login \"before each\" hook for \"Login with valid credential\"",
              "timedOut": false,
              "duration": 85,
              "state": "failed",
              "speed": null,
              "pass": false,
              "fail": true,
              "pending": false,
              "context": null,
              "code": "driver = new Builder()\n    .forBrowser('chrome')\n    .build();\nloginAction = new LoginAction(driver);\nawait loginAction.openUrl('https://www.saucedemo.com/');",
              "err": {
                "message": "TypeError: loginAction.openUrl is not a function",
                "estack": "TypeError: loginAction.openUrl is not a function\n    at Context.<anonymous> (tests\\specs\\login.test.js:14:27)\n    at process.processImmediate (node:internal/timers:485:21)",
                "diff": null
              },
              "uuid": "abc995e2-a2c8-498c-815d-286a526246ca",
              "parentUUID": "a44bf145-035e-478f-b276-61eff1836804",
              "isHook": true,
              "skipped": false
            }
          ],
          "afterHooks": [
            {
              "title": "\"after each\" hook in \"Login\"",
              "fullTitle": "Login \"after each\" hook in \"Login\"",
              "timedOut": false,
              "duration": 604,
              "state": null,
              "speed": null,
              "pass": false,
              "fail": false,
              "pending": false,
              "context": null,
              "code": "await driver.quit();",
              "err": {},
              "uuid": "d4b0dbb2-e58c-41f9-9f5f-e83ecbf2c6cb",
              "parentUUID": "a44bf145-035e-478f-b276-61eff1836804",
              "isHook": true,
              "skipped": false
            }
          ],
          "tests": [
            {
              "title": "Login with valid credential",
              "fullTitle": "Login Login with valid credential",
              "timedOut": false,
              "duration": 0,
              "state": null,
              "speed": null,
              "pass": false,
              "fail": false,
              "pending": false,
              "context": null,
              "code": "await loginAction.inputUsername('standard_user');\nawait loginAction.inputPassword('secret_sauce');\nawait loginAction.clickLoginButton();\nawait loginAction.assertLoginSuccess('Products');",
              "err": {},
              "uuid": "780b68a0-964b-4789-b67a-74c1596adeca",
              "parentUUID": "a44bf145-035e-478f-b276-61eff1836804",
              "isHook": false,
              "skipped": true
            },
            {
              "title": "Login with empty username",
              "fullTitle": "Login Login with empty username",
              "timedOut": false,
              "duration": 0,
              "state": null,
              "speed": null,
              "pass": false,
              "fail": false,
              "pending": false,
              "context": null,
              "code": "await loginAction.inputPassword('secret_sauce');\nawait loginAction.clickLoginButton();\nawait loginAction.assertLoginFailed('Epic sadface: Username is required');",
              "err": {},
              "uuid": "8ad46a4e-33c2-4a7a-ace1-3bbb4546c6cb",
              "parentUUID": "a44bf145-035e-478f-b276-61eff1836804",
              "isHook": false,
              "skipped": true
            },
            {
              "title": "Login with empty password",
              "fullTitle": "Login Login with empty password",
              "timedOut": false,
              "duration": 0,
              "state": null,
              "speed": null,
              "pass": false,
              "fail": false,
              "pending": false,
              "context": null,
              "code": "await loginAction.inputUsername('standard_user');\nawait loginAction.clickLoginButton();\nawait loginAction.assertLoginFailed('Epic sadface: Password is required');",
              "err": {},
              "uuid": "8ede3667-becc-4a02-943f-1737cbd3cf05",
              "parentUUID": "a44bf145-035e-478f-b276-61eff1836804",
              "isHook": false,
              "skipped": true
            }
          ],
          "suites": [],
          "passes": [],
          "failures": [],
          "pending": [],
          "skipped": [
            "780b68a0-964b-4789-b67a-74c1596adeca",
            "8ad46a4e-33c2-4a7a-ace1-3bbb4546c6cb",
            "8ede3667-becc-4a02-943f-1737cbd3cf05"
          ],
          "duration": 0,
          "root": false,
          "rootEmpty": false,
          "_timeout": 50000
        }
      ],
      "passes": [],
      "failures": [],
      "pending": [],
      "skipped": [],
      "duration": 0,
      "root": true,
      "rootEmpty": true,
      "_timeout": 50000
    }
  ],
  "meta": {
    "mocha": {
      "version": "10.8.2"
    },
    "mochawesome": {
      "options": {
        "quiet": false,
        "reportFilename": "mochawesome",
        "saveHtml": true,
        "saveJson": true,
        "consoleReporter": "spec",
        "useInlineDiffs": false,
        "code": true
      },
      "version": "7.1.4"
    },
    "marge": {
      "options": null,
      "version": "6.3.2"
    }
  }
}