{
  "stats": {
    "suites": 1,
    "tests": 2,
    "passes": 2,
    "pending": 0,
    "failures": 0,
    "start": "2026-04-27T17:49:18.002Z",
    "end": "2026-04-27T17:49:21.567Z",
    "duration": 3565,
    "testsRegistered": 2,
    "passPercent": 100,
    "pendingPercent": 0,
    "other": 0,
    "hasOther": false,
    "skipped": 0,
    "hasSkipped": false
  },
  "results": [
    {
      "uuid": "06c4cca3-b595-411e-be0c-0c152dcfd039",
      "title": "",
      "fullFile": "D:\\Digitalskola\\Sesi 10 - Web UI Automation Advance Part 1\\Class\\tests\\Test Hook.test.js",
      "file": "\\tests\\Test Hook.test.js",
      "beforeHooks": [],
      "afterHooks": [],
      "tests": [],
      "suites": [
        {
          "uuid": "7f4ea644-1ddb-4ab1-811b-8f2fc1d22bcd",
          "title": "Login",
          "fullFile": "D:\\Digitalskola\\Sesi 10 - Web UI Automation Advance Part 1\\Class\\tests\\Test Hook.test.js",
          "file": "\\tests\\Test Hook.test.js",
          "beforeHooks": [
            {
              "title": "\"before each\" hook in \"Login\"",
              "fullTitle": "Login \"before each\" hook in \"Login\"",
              "timedOut": false,
              "duration": 56,
              "state": null,
              "speed": null,
              "pass": false,
              "fail": false,
              "pending": false,
              "context": null,
              "code": "let options = new chrome.Options(); \n       options.addArguments('--headless'); \n       \n       driver = new Builder()\n           .forBrowser('chrome')\n           .setChromeOptions(options)\n           .build();",
              "err": {},
              "uuid": "35aa4030-f1d2-474a-b632-8adf1f4f64f0",
              "parentUUID": "7f4ea644-1ddb-4ab1-811b-8f2fc1d22bcd",
              "isHook": true,
              "skipped": false
            }
          ],
          "afterHooks": [
            {
              "title": "\"after each\" hook in \"Login\"",
              "fullTitle": "Login \"after each\" hook in \"Login\"",
              "timedOut": false,
              "duration": 251,
              "state": null,
              "speed": null,
              "pass": false,
              "fail": false,
              "pending": false,
              "context": null,
              "code": "await driver.quit()",
              "err": {},
              "uuid": "1220ca81-35d7-437e-ae2c-9a0cb6c15d66",
              "parentUUID": "7f4ea644-1ddb-4ab1-811b-8f2fc1d22bcd",
              "isHook": true,
              "skipped": false
            }
          ],
          "tests": [
            {
              "title": "should login with valid credentials",
              "fullTitle": "Login should login with valid credentials",
              "timedOut": false,
              "duration": 1607,
              "state": "passed",
              "speed": "slow",
              "pass": true,
              "fail": false,
              "pending": false,
              "context": null,
              "code": "// move to up in beforeach\n// let options = new chrome.Options(); \n// options.addArguments('--headless'); \n\n// const driver = new Builder() //eraser const \n// .forBrowser('chrome').setChromeOptions(options).build();  \nawait driver.get('https://www.saucedemo.com/');\nawait driver.findElement(By.id('user-name')).sendKeys('standard_user');\nawait driver.findElement(By.id('password')).sendKeys('secret_sauce');\nawait driver.findElement(By.id('login-button')).click();\nawait driver.wait(until.elementLocated(By.className('title')), 5000);\nconst title = await driver.findElement(By.className('title')).getText();\nassert.strictEqual(title, 'Products');\n// await driver.quit(); //eraser because  use afterEach",
              "err": {},
              "uuid": "0fb777ae-6c76-44c5-b29a-380fcefa3505",
              "parentUUID": "7f4ea644-1ddb-4ab1-811b-8f2fc1d22bcd",
              "isHook": false,
              "skipped": false
            },
            {
              "title": "should login with valid credentials 2",
              "fullTitle": "Login should login with valid credentials 2",
              "timedOut": false,
              "duration": 1540,
              "state": "passed",
              "speed": "slow",
              "pass": true,
              "fail": false,
              "pending": false,
              "context": null,
              "code": "// not use because use beforeeach \n       // let options = new chrome.Options(); \n       // options.addArguments('--headless'); \n       \n       // const driver = new Builder()\n       // .forBrowser('chrome').setChromeOptions(options).build();  \n       await driver.get('https://www.saucedemo.com/');\n       await driver.findElement(By.id('user-name')).sendKeys('visual_user'); \n       await driver.findElement(By.id('password')).sendKeys('secret_sauce');\n       await driver.findElement(By.id('login-button')).click();\n       await driver.wait(until.elementLocated(By.className('title')), 5000);\n       const title = await driver.findElement(By.className('title')).getText();\n       assert.strictEqual(title, 'Products');\n       // await driver.quit(); //eraser becauseafterEach",
              "err": {},
              "uuid": "45e01a13-6196-4de1-86cf-573711e9ddcf",
              "parentUUID": "7f4ea644-1ddb-4ab1-811b-8f2fc1d22bcd",
              "isHook": false,
              "skipped": false
            }
          ],
          "suites": [],
          "passes": [
            "0fb777ae-6c76-44c5-b29a-380fcefa3505",
            "45e01a13-6196-4de1-86cf-573711e9ddcf"
          ],
          "failures": [],
          "pending": [],
          "skipped": [],
          "duration": 3147,
          "root": false,
          "rootEmpty": false,
          "_timeout": 50000
        }
      ],
      "passes": [],
      "failures": [],
      "pending": [],
      "skipped": [],
      "duration": 0,
      "root": true,
      "rootEmpty": true,
      "_timeout": 50000
    }
  ],
  "meta": {
    "mocha": {
      "version": "10.8.2"
    },
    "mochawesome": {
      "options": {
        "quiet": false,
        "reportFilename": "mochawesome",
        "saveHtml": true,
        "saveJson": true,
        "consoleReporter": "spec",
        "useInlineDiffs": false,
        "code": true
      },
      "version": "7.1.4"
    },
    "marge": {
      "options": null,
      "version": "6.3.2"
    }
  }
}