{
  "stats": {
    "suites": 1,
    "tests": 1,
    "passes": 1,
    "pending": 0,
    "failures": 0,
    "start": "2026-04-27T16:14:20.694Z",
    "end": "2026-04-27T16:14:22.831Z",
    "duration": 2137,
    "testsRegistered": 1,
    "passPercent": 100,
    "pendingPercent": 0,
    "other": 0,
    "hasOther": false,
    "skipped": 0,
    "hasSkipped": false
  },
  "results": [
    {
      "uuid": "7401c8e8-1ac9-4029-9a22-9efe2568b27c",
      "title": "",
      "fullFile": "D:\\Digitalskola\\Sesi 10 - Web UI Automation Advance Part 1\\Class\\tests\\login.test.js",
      "file": "\\tests\\login.test.js",
      "beforeHooks": [],
      "afterHooks": [],
      "tests": [],
      "suites": [
        {
          "uuid": "2f607c7f-6e1a-4f91-84d0-7f33f73ee7a4",
          "title": "Login",
          "fullFile": "D:\\Digitalskola\\Sesi 10 - Web UI Automation Advance Part 1\\Class\\tests\\login.test.js",
          "file": "\\tests\\login.test.js",
          "beforeHooks": [],
          "afterHooks": [],
          "tests": [
            {
              "title": "should login with valid credentials",
              "fullTitle": "Login should login with valid credentials",
              "timedOut": false,
              "duration": 2126,
              "state": "passed",
              "speed": "slow",
              "pass": true,
              "fail": false,
              "pending": false,
              "context": null,
              "code": "const driver = new Builder().forBrowser('chrome').build();\nawait driver.get('https://www.saucedemo.com/');\nawait driver.findElement(By.id('user-name')).sendKeys('standard_user');\nawait driver.findElement(By.id('password')).sendKeys('secret_sauce');\nawait driver.findElement(By.id('login-button')).click();\nawait driver.wait(until.elementLocated(By.className('title')), 5000);\nconst title = await driver.findElement(By.className('title')).getText();\nassert.strictEqual(title, 'Products');\nawait driver.quit();",
              "err": {},
              "uuid": "c26d30fa-cbb8-4cff-97bb-5656cf30bb9a",
              "parentUUID": "2f607c7f-6e1a-4f91-84d0-7f33f73ee7a4",
              "isHook": false,
              "skipped": false
            }
          ],
          "suites": [],
          "passes": [
            "c26d30fa-cbb8-4cff-97bb-5656cf30bb9a"
          ],
          "failures": [],
          "pending": [],
          "skipped": [],
          "duration": 2126,
          "root": false,
          "rootEmpty": false,
          "_timeout": 50000
        }
      ],
      "passes": [],
      "failures": [],
      "pending": [],
      "skipped": [],
      "duration": 0,
      "root": true,
      "rootEmpty": true,
      "_timeout": 50000
    }
  ],
  "meta": {
    "mocha": {
      "version": "10.8.2"
    },
    "mochawesome": {
      "options": {
        "quiet": false,
        "reportFilename": "mochawesome",
        "saveHtml": true,
        "saveJson": true,
        "consoleReporter": "spec",
        "useInlineDiffs": false,
        "code": true
      },
      "version": "7.1.4"
    },
    "marge": {
      "options": null,
      "version": "6.3.2"
    }
  }
}