{
  "stats": {
    "suites": 1,
    "tests": 8,
    "passes": 8,
    "pending": 0,
    "failures": 0,
    "start": "2026-04-27T19:13:42.824Z",
    "end": "2026-04-27T19:14:07.896Z",
    "duration": 25072,
    "testsRegistered": 8,
    "passPercent": 100,
    "pendingPercent": 0,
    "other": 0,
    "hasOther": false,
    "skipped": 0,
    "hasSkipped": false
  },
  "results": [
    {
      "uuid": "a7f0e784-bde3-4b62-a879-278df08b4078",
      "title": "",
      "fullFile": "D:\\Digitalskola\\Sesi 10 - Web UI Automation Advance Part 1\\Homework\\tests\\task.test.js",
      "file": "\\tests\\task.test.js",
      "beforeHooks": [],
      "afterHooks": [],
      "tests": [],
      "suites": [
        {
          "uuid": "fdadf1e7-736d-4536-934b-690ceff60162",
          "title": "Login",
          "fullFile": "D:\\Digitalskola\\Sesi 10 - Web UI Automation Advance Part 1\\Homework\\tests\\task.test.js",
          "file": "\\tests\\task.test.js",
          "beforeHooks": [
            {
              "title": "\"before all\" hook in \"Login\"",
              "fullTitle": "Login \"before all\" hook in \"Login\"",
              "timedOut": false,
              "duration": 8,
              "state": null,
              "speed": null,
              "pass": false,
              "fail": false,
              "pending": false,
              "context": null,
              "code": "console.log(' syntax log before test');",
              "err": {},
              "uuid": "c668d10a-c238-4602-ae5a-2f9a189483f5",
              "parentUUID": "fdadf1e7-736d-4536-934b-690ceff60162",
              "isHook": true,
              "skipped": false
            },
            {
              "title": "\"before each\" hook in \"Login\"",
              "fullTitle": "Login \"before each\" hook in \"Login\"",
              "timedOut": false,
              "duration": 62,
              "state": null,
              "speed": null,
              "pass": false,
              "fail": false,
              "pending": false,
              "context": null,
              "code": "let options = new chrome.Options(); \n       options.addArguments('--headless'); \n       \n       driver = new Builder()\n           .forBrowser('chrome')\n           .setChromeOptions(options)\n           .build();",
              "err": {},
              "uuid": "78a7b597-3125-4d86-9620-a42558724779",
              "parentUUID": "fdadf1e7-736d-4536-934b-690ceff60162",
              "isHook": true,
              "skipped": false
            }
          ],
          "afterHooks": [
            {
              "title": "\"after all\" hook in \"Login\"",
              "fullTitle": "Login \"after all\" hook in \"Login\"",
              "timedOut": false,
              "duration": 0,
              "state": null,
              "speed": null,
              "pass": false,
              "fail": false,
              "pending": false,
              "context": null,
              "code": "console.log(\"syntax log after tes\");",
              "err": {},
              "uuid": "73f26e97-62a9-48da-a366-35a91cae46ae",
              "parentUUID": "fdadf1e7-736d-4536-934b-690ceff60162",
              "isHook": true,
              "skipped": false
            },
            {
              "title": "\"after each\" hook in \"Login\"",
              "fullTitle": "Login \"after each\" hook in \"Login\"",
              "timedOut": false,
              "duration": 132,
              "state": null,
              "speed": null,
              "pass": false,
              "fail": false,
              "pending": false,
              "context": null,
              "code": "await driver.quit()",
              "err": {},
              "uuid": "dd03b121-77f7-443c-bd40-65a08cf30cdd",
              "parentUUID": "fdadf1e7-736d-4536-934b-690ceff60162",
              "isHook": true,
              "skipped": false
            }
          ],
          "tests": [
            {
              "title": "1.should login with valid credentials standard user",
              "fullTitle": "Login 1.should login with valid credentials standard user",
              "timedOut": false,
              "duration": 2062,
              "state": "passed",
              "speed": "slow",
              "pass": true,
              "fail": false,
              "pending": false,
              "context": null,
              "code": "await driver.get('https://www.saucedemo.com/');\n           await driver.findElement(By.id('user-name')).sendKeys('standard_user');\n           await driver.findElement(By.id('password')).sendKeys('secret_sauce');\n           await driver.findElement(By.id('login-button')).click();\n           await driver.wait(until.elementLocated(By.className('title')), 5000);\n           const title = await driver.findElement(By.className('title')).getText();\n           assert.strictEqual(title, 'Products');",
              "err": {},
              "uuid": "7989e93d-66fe-405a-9f86-d9b613afef6d",
              "parentUUID": "fdadf1e7-736d-4536-934b-690ceff60162",
              "isHook": false,
              "skipped": false
            },
            {
              "title": "2.should login with valid credentials visual user",
              "fullTitle": "Login 2.should login with valid credentials visual user",
              "timedOut": false,
              "duration": 1669,
              "state": "passed",
              "speed": "slow",
              "pass": true,
              "fail": false,
              "pending": false,
              "context": null,
              "code": "await driver.get('https://www.saucedemo.com/');\n       await driver.findElement(By.id('user-name')).sendKeys('visual_user'); \n       await driver.findElement(By.id('password')).sendKeys('secret_sauce');\n       await driver.findElement(By.id('login-button')).click();\n       await driver.wait(until.elementLocated(By.className('title')), 5000);\n       const title = await driver.findElement(By.className('title')).getText();\n       assert.strictEqual(title, 'Products');",
              "err": {},
              "uuid": "c6567426-53b2-48f5-9b27-5254f6a9adb0",
              "parentUUID": "fdadf1e7-736d-4536-934b-690ceff60162",
              "isHook": false,
              "skipped": false
            },
            {
              "title": "3.should login with valid credentials glitch user",
              "fullTitle": "Login 3.should login with valid credentials glitch user",
              "timedOut": false,
              "duration": 6517,
              "state": "passed",
              "speed": "slow",
              "pass": true,
              "fail": false,
              "pending": false,
              "context": null,
              "code": "await driver.get('https://www.saucedemo.com/');\n       await driver.findElement(By.id('user-name')).sendKeys('performance_glitch_user'); \n       await driver.findElement(By.id('password')).sendKeys('secret_sauce');\n       await driver.findElement(By.id('login-button')).click();\n       await driver.wait(until.elementLocated(By.className('title')), 5000);\n       const title = await driver.findElement(By.className('title')).getText();\n       assert.strictEqual(title, 'Products');",
              "err": {},
              "uuid": "6aca36bb-66de-4cf3-9ef8-e023abeb6936",
              "parentUUID": "fdadf1e7-736d-4536-934b-690ceff60162",
              "isHook": false,
              "skipped": false
            },
            {
              "title": "5.[Regression] should login with valid credentials glitch",
              "fullTitle": "Login 5.[Regression] should login with valid credentials glitch",
              "timedOut": false,
              "duration": 6843,
              "state": "passed",
              "speed": "slow",
              "pass": true,
              "fail": false,
              "pending": false,
              "context": null,
              "code": "await driver.get('https://www.saucedemo.com/');\n        await driver.findElement(By.id('user-name')).sendKeys('performance_glitch_user'); \n        await driver.findElement(By.id('password')).sendKeys('secret_sauce');\n        await driver.findElement(By.id('login-button')).click();\n\n        await driver.wait(until.elementLocated(By.className('title')), 5000);\n        const title = await driver.findElement(By.className('title')).getText();\n        assert.strictEqual(title, 'Products');",
              "err": {},
              "uuid": "490801dc-3771-4216-8985-f78d420ee2a7",
              "parentUUID": "fdadf1e7-736d-4536-934b-690ceff60162",
              "isHook": false,
              "skipped": false
            },
            {
              "title": "6.login with Invalid credentials locked_out_useritch",
              "fullTitle": "Login 6.login with Invalid credentials locked_out_useritch",
              "timedOut": false,
              "duration": 1700,
              "state": "passed",
              "speed": "slow",
              "pass": true,
              "fail": false,
              "pending": false,
              "context": null,
              "code": "await driver.get('https://www.saucedemo.com/');\n        await driver.findElement(By.id('user-name')).sendKeys('locked_out_user'); \n        await driver.findElement(By.id('password')).sendKeys('secret_sauce');\n        await driver.findElement(By.id('login-button')).click();\n\n        const errorEl = await driver.wait(\n        until.elementLocated(By.css('[data-test=\"error\"]')),\n        5000\n        );\n\n        const errorText = await errorEl.getText();\n\n        assert.strictEqual(\n   errorText,\n   'Epic sadface: Sorry, this user has been locked out.'\n        );",
              "err": {},
              "uuid": "b18993ff-1ec7-4b2a-abb9-3dd2a916a29e",
              "parentUUID": "fdadf1e7-736d-4536-934b-690ceff60162",
              "isHook": false,
              "skipped": false
            },
            {
              "title": "7.[Regression] should login with valid credentials problem_user",
              "fullTitle": "Login 7.[Regression] should login with valid credentials problem_user",
              "timedOut": false,
              "duration": 1624,
              "state": "passed",
              "speed": "slow",
              "pass": true,
              "fail": false,
              "pending": false,
              "context": null,
              "code": "await driver.get('https://www.saucedemo.com/');\n        await driver.findElement(By.id('user-name')).sendKeys('problem_user'); \n        await driver.findElement(By.id('password')).sendKeys('secret_sauce');\n        await driver.findElement(By.id('login-button')).click();\n\n        await driver.wait(until.elementLocated(By.className('title')), 5000);\n        const title = await driver.findElement(By.className('title')).getText();\n        assert.strictEqual(title, 'Products');",
              "err": {},
              "uuid": "c5b98a52-502a-45fc-a411-84a7ce0be52f",
              "parentUUID": "fdadf1e7-736d-4536-934b-690ceff60162",
              "isHook": false,
              "skipped": false
            },
            {
              "title": "8.login with invalid credentials username empty",
              "fullTitle": "Login 8.login with invalid credentials username empty",
              "timedOut": false,
              "duration": 1606,
              "state": "passed",
              "speed": "slow",
              "pass": true,
              "fail": false,
              "pending": false,
              "context": null,
              "code": "await driver.get('https://www.saucedemo.com/');\n        await driver.findElement(By.id('user-name')).sendKeys('');\n        await driver.findElement(By.id('password')).sendKeys('secret_sauce');\n        await driver.findElement(By.id('login-button')).click();\n\n        const errorEl = await driver.wait(\n        until.elementLocated(By.css('[data-test=\"error\"]')),\n        5000\n        );\n\n        const errorText = await errorEl.getText();\n\n        assert.strictEqual(\n   errorText,\n   'Epic sadface: Username is required'\n        );",
              "err": {},
              "uuid": "9618f1ec-41ad-4774-813e-2c95185c4796",
              "parentUUID": "fdadf1e7-736d-4536-934b-690ceff60162",
              "isHook": false,
              "skipped": false
            },
            {
              "title": "9.login with invalid credentials problem_user & password empty",
              "fullTitle": "Login 9.login with invalid credentials problem_user & password empty",
              "timedOut": false,
              "duration": 1591,
              "state": "passed",
              "speed": "slow",
              "pass": true,
              "fail": false,
              "pending": false,
              "context": null,
              "code": "await driver.get('https://www.saucedemo.com/');\n        await driver.findElement(By.id('user-name')).sendKeys('problem_user'); \n        await driver.findElement(By.id('password')).sendKeys('');\n        await driver.findElement(By.id('login-button')).click();\n\n        const errorEl = await driver.wait(\n        until.elementLocated(By.css('[data-test=\"error\"]')),\n        5000\n        );\n\n        const errorText = await errorEl.getText();\n\n        assert.strictEqual(\n   errorText,\n   'Epic sadface: Password is required'\n        );",
              "err": {},
              "uuid": "6704530c-12a2-4935-bf73-03dc63c18c75",
              "parentUUID": "fdadf1e7-736d-4536-934b-690ceff60162",
              "isHook": false,
              "skipped": false
            }
          ],
          "suites": [],
          "passes": [
            "7989e93d-66fe-405a-9f86-d9b613afef6d",
            "c6567426-53b2-48f5-9b27-5254f6a9adb0",
            "6aca36bb-66de-4cf3-9ef8-e023abeb6936",
            "490801dc-3771-4216-8985-f78d420ee2a7",
            "b18993ff-1ec7-4b2a-abb9-3dd2a916a29e",
            "c5b98a52-502a-45fc-a411-84a7ce0be52f",
            "9618f1ec-41ad-4774-813e-2c95185c4796",
            "6704530c-12a2-4935-bf73-03dc63c18c75"
          ],
          "failures": [],
          "pending": [],
          "skipped": [],
          "duration": 23612,
          "root": false,
          "rootEmpty": false,
          "_timeout": 50000
        }
      ],
      "passes": [],
      "failures": [],
      "pending": [],
      "skipped": [],
      "duration": 0,
      "root": true,
      "rootEmpty": true,
      "_timeout": 50000
    }
  ],
  "meta": {
    "mocha": {
      "version": "10.8.2"
    },
    "mochawesome": {
      "options": {
        "quiet": false,
        "reportFilename": "mochawesome",
        "saveHtml": true,
        "saveJson": true,
        "consoleReporter": "spec",
        "useInlineDiffs": false,
        "code": true
      },
      "version": "7.1.4"
    },
    "marge": {
      "options": null,
      "version": "6.3.2"
    }
  }
}