{
  "stats": {
    "suites": 1,
    "tests": 1,
    "passes": 1,
    "pending": 0,
    "failures": 0,
    "start": "2026-04-27T15:11:47.605Z",
    "end": "2026-04-27T15:12:08.898Z",
    "duration": 21293,
    "testsRegistered": 1,
    "passPercent": 100,
    "pendingPercent": 0,
    "other": 0,
    "hasOther": false,
    "skipped": 0,
    "hasSkipped": false
  },
  "results": [
    {
      "uuid": "0b9f4267-84e1-4925-8da8-1bb04e0b005a",
      "title": "",
      "fullFile": "D:\\Digitalskola\\Sesi 9 -Web UI Automation Fundamental\\Homework\\tests\\task.js",
      "file": "\\tests\\task.js",
      "beforeHooks": [],
      "afterHooks": [],
      "tests": [],
      "suites": [
        {
          "uuid": "684a2855-dc17-4d4b-97cc-c045138abbfb",
          "title": "Task Login & Sort Multi Browser",
          "fullFile": "D:\\Digitalskola\\Sesi 9 -Web UI Automation Fundamental\\Homework\\tests\\task.js",
          "file": "\\tests\\task.js",
          "beforeHooks": [],
          "afterHooks": [],
          "tests": [
            {
              "title": "Valid Login & Verify Sort",
              "fullTitle": "Task Login & Sort Multi Browser Valid Login & Verify Sort",
              "timedOut": false,
              "duration": 21281,
              "state": "passed",
              "speed": "slow",
              "pass": true,
              "fail": false,
              "pending": false,
              "context": null,
              "code": "// 🔹 CHROME\n        const chromeOptions = new chrome.Options();\n        chromeOptions.addArguments('--incognito');\n        const driverChrome = await new Builder()\n            .forBrowser('chrome')\n            .setChromeOptions(chromeOptions)\n            .build();\n        // 🔹 FIREFOX\n        const firefoxOptions = new firefox.Options();\n        const driverFirefox = await new Builder()\n            .forBrowser('firefox')\n            .setFirefoxOptions(firefoxOptions)\n            .build();\n        // 🔥 Jalankan test di kedua browser\n        const drivers = [driverChrome, driverFirefox];\n        for (let driver of drivers) {\n            await runTest(driver);\n        }\n        // tutup semua browser\n        await driverChrome.quit();\n        await driverFirefox.quit();",
              "err": {},
              "uuid": "e450eb82-1edb-4f4e-8c91-62a6368bfe6a",
              "parentUUID": "684a2855-dc17-4d4b-97cc-c045138abbfb",
              "isHook": false,
              "skipped": false
            }
          ],
          "suites": [],
          "passes": [
            "e450eb82-1edb-4f4e-8c91-62a6368bfe6a"
          ],
          "failures": [],
          "pending": [],
          "skipped": [],
          "duration": 21281,
          "root": false,
          "rootEmpty": false,
          "_timeout": 50000
        }
      ],
      "passes": [],
      "failures": [],
      "pending": [],
      "skipped": [],
      "duration": 0,
      "root": true,
      "rootEmpty": true,
      "_timeout": 50000
    }
  ],
  "meta": {
    "mocha": {
      "version": "10.8.2"
    },
    "mochawesome": {
      "options": {
        "quiet": false,
        "reportFilename": "mochawesome",
        "saveHtml": true,
        "saveJson": true,
        "consoleReporter": "spec",
        "useInlineDiffs": false,
        "code": true
      },
      "version": "7.1.4"
    },
    "marge": {
      "options": null,
      "version": "6.3.2"
    }
  }
}